================================================================================
== Profile: REAL-TIME, VTIME, CPU-freq = 2.10 GHz
                                                          Calls Real-Time  Parent  Virt-Time  Parent 
                                                                   (secs) fraction    (secs) fraction

    <zixl_543IiP35>~_zixl                                              154       1.6 (100.0%)       0.0 ( -nan%)
  zixl_PIr-ZA521I-I3L-PL1~_zixl                                        154       1.6                0.0         
    zixl_PIr-ZA521I-7ALSe1-Z5q [E]~_zixl                               130       0.0 (  1.3%)       0.0 ( -nan%)
    <zixl_I152>~_zixl                                                            1.6 ( 98.6%)       0.0 ( -nan%)

    zixl_PIr-ZA521I-I3L-PL1~_zixl                                      130       0.0 ( 99.2%)       0.0 ( -nan%)
  zixl_PIr-ZA521I-7ALSe1-Z5q~_zixl                                     134       0.0                0.0         
    zixl_PIr-ZA521I-I103152-yeL~_zixl                                    4       0.0 ( 37.9%)       0.0 ( -nan%)
      <zixl_I152>~_zixl                                                          0.0 ( 99.6%)       0.0 ( -nan%)
    zixl_PIr-ZA521I-5eAt1-SPL1~_zixl                                    51       0.0 ( 34.9%)       0.0 ( -nan%)
      zixl_PIr-ZA521I-L1U-2A58 [R]~_zixl                                43       0.0 ( 65.0%)       0.0 ( -nan%)
      zixl_A5iP-I1AS-SA2A [Y]~_zixl                                     51       0.0 ( 16.3%)       0.0 ( -nan%)
      <zixl_I152>~_zixl                                                          0.0 ( 18.8%)       0.0 ( -nan%)
    zixl_PIr-ZA521I-I153e2-6iI1-2IAr1~_zixl                             41       0.0 ( 14.6%)       0.0 ( -nan%)
      zixl_PIr-ZA521I-r71r8-iL21II342-2A58 [E]~_zixl                    41       0.0 ( 17.7%)       0.0 ( -nan%)
      zixl_A5iP-I1AS-SA2A [T]~_zixl                                     41       0.0 (  8.1%)       0.0 ( -nan%)
      <zixl_I152>~_zixl                                                          0.0 ( 74.2%)       0.0 ( -nan%)
    zixl_PIr-ZA521I-re1AI1S-iL2I~_zixl                                   8       0.0 (  5.0%)       0.0 ( -nan%)
      zixl_PIr-ZA521I-L1U-2A58 [T]~_zixl                                 8       0.0 ( 95.8%)       0.0 ( -nan%)
      <zixl_I152>~_zixl                                                          0.0 (  4.2%)       0.0 ( -nan%)
    zixl_PIr-ZA521I-I153e2-4IPP6~_zixl                                  12       0.0 (  2.8%)       0.0 ( -nan%)
      zixl_PIr-ZA521I-I153e2-ePq-4IPP6~_zixl                            12       0.0 ( 32.4%)       0.0 ( -nan%)
        zixl_PIr-ZA521I-r71r8-iL21II342-2A58 [T]~_zixl                   1       0.0 ( 33.1%)       0.0 ( -nan%)
        <zixl_I152>~_zixl                                                        0.0 ( 66.9%)       0.0 ( -nan%)
      zixl_A5iP-I1AS-SA2A [F]~_zixl                                     12       0.0 ( 31.7%)       0.0 ( -nan%)
      <zixl_I152>~_zixl                                                          0.0 ( 35.9%)       0.0 ( -nan%)
    zixl_PIr-ZA521I-I14PI2-Ay52IAr2iPL~_zixl                             7       0.0 (  1.8%)       0.0 ( -nan%)
      zixl_A5iP-I1AS-SA2A [D]~_zixl                                      7       0.0 ( 35.3%)       0.0 ( -nan%)
      <zixl_I152>~_zixl                                                          0.0 ( 64.7%)       0.0 ( -nan%)
    <zixl_I152>~_zixl                                                            0.0 (  1.1%)       0.0 ( -nan%)
    <zixl_58i441S>~_zixl                                                         0.0 (  1.9%)       0.0 ( -nan%)


================================================================================
== Profile: PEAK-MEMORY, CPU-freq = 2.10 GHz
                                                          Calls   Peak-Mb         
                                                                                  

