================================================================================
== Profile: REAL-TIME, VTIME, CPU-freq = 2.10 GHz
                                                          Calls Real-Time  Parent  Virt-Time  Parent 
                                                                   (secs) fraction    (secs) fraction

    <zixl_543IiP35>~_zixl                                                1       1.5 (100.0%)       0.0 (100.0%)
  zixl_5A5-ZAiL~_zixl                                                    1       1.5                0.0         
    zixl_5eAt1-I3L~_zixl                                                 1       1.5 ( 99.1%)       0.0 (100.0%)
      zixl_95eAt1-I3L-1LqiL1~_zixl                                       3       0.1 (  7.7%)       0.0 (100.0%)
        zixl_IAI-iZ4e-5Pet1~_zixl                                        3       0.1 ( 85.7%)       0.0 ( 92.6%)
          zixl_IAI-5Pet1~_zixl                                           3       0.1 ( 95.9%)       0.0 ( 99.4%)
            zixl_IAI-5Pet1-5Pet1~_zixl                                   5       0.1 ( 97.6%)       0.0 ( 99.9%)
              zixl_irY-5Pet1~_zixl                                       5       0.1 (100.0%)       0.0 (100.0%)
                zixl_irY-yA51bA515~_zixl                                 5       0.1 ( 91.4%)       0.0 ( 68.1%)
                  zixl_IAI-6iI1dA61 [E]~_zixl                            3       0.1 ( 83.3%)       0.0 (  1.1%)
                  zixl_L1U-tAI [T]~_zixl                             13848       0.0 (  2.9%)       0.0 ( 12.4%)
                  zixl_5Pet1 [R]~_zixl                                   7       0.0 (  1.4%)       0.0 (  8.2%)
                  <zixl_I152>~_zixl                                              0.0 ( 12.0%)       0.0 ( 78.3%)
                zixl_irY-5Pet1[rPL6iq3I1]~_zixl                          1       0.0 (  5.3%)       0.0 ( 22.2%)
                  zixl_irY-rPL6iq3I1gIPL2i1I~_zixl                       1       0.0 ( 52.2%)       0.0 ( 50.7%)
                    zixl_L1U-tAI [D]~_zixl                            2637       0.0 ( 23.1%)       0.0 ( 14.3%)
                    zixl_I1ZPt1-5A2i56i1S [T]~_zixl                      5       0.0 (  2.5%)       0.0 (  4.0%)
                    zixl_55-ASSdP3Ir1 [Y]~_zixl                          6       0.0 (  1.2%)       0.0 (  0.0%)
                    <zixl_I152>~_zixl                                            0.0 ( 72.0%)       0.0 ( 81.7%)
                    <zixl_58i441S>~_zixl                                         0.0 (  1.2%)       0.0 (  0.0%)
                  zixl_irY-rPL6iq3I1xi62gIPL2i1I~_zixl                   1       0.0 ( 46.6%)       0.0 ( 49.2%)
                    zixl_L1U-tAI [Y]~_zixl                            2633       0.0 ( 23.1%)       0.0 ( 14.7%)
                    zixl_I1ZPt1-5A2i56i1S [R]~_zixl                      5       0.0 (  3.0%)       0.0 (  4.2%)
                    zixl_55-ASSdP3Ir1 [T]~_zixl                          5       0.0 (  1.4%)       0.0 (  0.0%)
                    <zixl_I152>~_zixl                                            0.0 ( 71.2%)       0.0 ( 81.1%)
                    <zixl_58i441S>~_zixl                                         0.0 (  1.3%)       0.0 (  0.0%)
                zixl_IAI-6iI1dA61 [R]~_zixl                              1       0.0 (  1.6%)       0.0 (  4.4%)
                zixl_irY-52I1Lq271L~_zixl                                1       0.0 (  1.5%)       0.0 (  5.2%)
                  zixl_5r5-5Pet1~_zixl                                   1       0.0 ( 51.2%)       0.0 ( 56.9%)
                    zixl_5Pet1 [T]~_zixl                                 1       0.0 ( 98.6%)       0.0 (100.0%)
                    <zixl_I152>~_zixl                                            0.0 (  1.3%)       0.0 (  0.0%)
                  zixl_irY-52A21p6[gIPL2i1I]~_zixl                       1       0.0 ( 36.7%)       0.0 ( 33.4%)
                    zixl_5Pet1 [Y]~_zixl                                 1       0.0 ( 83.4%)       0.0 ( 99.7%)
                    <zixl_I152>~_zixl                                            0.0 ( 16.4%)       0.0 (  0.2%)
                  zixl_irY-rPL51r32iPL~_zixl                             1       0.0 ( 10.4%)       0.0 (  9.7%)
                    zixl_irY-rPL5E~_zixl                                 1       0.0 ( 99.8%)       0.0 (100.0%)
                      zixl_5Pet1 [D]~_zixl                               1       0.0 ( 17.3%)       0.0 ( 14.6%)
                      zixl_L1U-tAI [J]~_zixl                           120       0.0 ( 13.7%)       0.0 ( 14.5%)
                      zixl_irY-52A21p6~_zixl                             1       0.0 (  2.1%)       0.0 (  0.0%)
                        zixl_irY-52A21p6[iLi2]~_zixl                     1       0.0 ( 76.5%)       0.0 ( -nan%)
                        <zixl_I152>~_zixl                                        0.0 ( 23.5%)       0.0 ( -nan%)
                      zixl_55-ASSdP3Ir1 [D]~_zixl                        1       0.0 (  1.8%)       0.0 (  0.0%)
                      <zixl_I152>~_zixl                                          0.0 ( 65.1%)       0.0 ( 70.9%)
                  <zixl_I152>~_zixl                                              0.0 (  1.7%)       0.0 (  0.0%)
            <zixl_I152>~_zixl                                                    0.0 (  1.5%)       0.0 (  0.0%)
          <zixl_I152>~_zixl                                                      0.0 (  3.4%)       0.0 (  0.0%)
        <zixl_I152>~_zixl                                                        0.0 ( 13.8%)       0.0 (  7.4%)
      <zixl_I152>~_zixl                                                          1.3 ( 92.2%)       0.0 (  0.0%)

    zixl_irY-yA51bA515~_zixl                                             3       0.1 ( 98.0%)       0.0 ( 14.8%)
    zixl_irY-5Pet1~_zixl                                                 1       0.0 (  2.0%)       0.0 ( 85.2%)
  zixl_IAI-6iI1dA61~_zixl                                                4       0.1                0.0         
    zixl_IAI-ASSgI11s553Z15~_zixl                                        3       0.1 ( 97.3%)       0.0 (  0.0%)
      zixl_4r-rPi~_zixl                                                  2       0.1 (100.0%)       0.0 (  0.0%)
        zixl_rPi-y3ieS~_zixl                                             2       0.1 ( 89.5%)       0.0 ( -nan%)
          zixl_rPi-rPZy~_zixl                                        21860       0.0 ( 56.9%)       0.0 ( -nan%)
            zixl_rPi-54-3LiPLp6 [E]~_zixl                            43460       0.0 ( 80.5%)       0.0 ( -nan%)
            zixl_rPi-54-3LiPLp6~_zixl                                43460       0.0 (  5.2%)       0.0 ( -nan%)
            <zixl_I152>~_zixl                                                    0.0 ( 14.3%)       0.0 ( -nan%)
          zixl_rPi-510~_zixl                                             3       0.0 ( 39.7%)       0.0 ( -nan%)
            zixl_rPi-rPZ4I155~_zixl                                      2       0.0 ( 97.7%)       0.0 ( -nan%)
              zixl_rPi-54-ZA81bALPLirAe~_zixl                         5937       0.0 ( 95.2%)       0.0 ( -nan%)
              <zixl_I152>~_zixl                                                  0.0 (  4.1%)       0.0 ( -nan%)
            zixl_rPi-54-3LiPLfi66 [R]~_zixl                            100       0.0 (  1.2%)       0.0 ( -nan%)
            <zixl_I152>~_zixl                                                    0.0 (  1.1%)       0.0 ( -nan%)
          <zixl_I152>~_zixl                                                      0.0 (  3.4%)       0.0 ( -nan%)
        <zixl_I152>~_zixl                                                        0.0 ( 10.5%)       0.0 ( -nan%)
      <zixl_I152>~_zixl                                                          0.0 (  0.0%)       0.0 (100.0%)
    zixl_IAI-I16iL1~_zixl                                                3       0.0 (  2.6%)       0.0 (100.0%)
      zixl_IAI-5iZhPAe5~_zixl                                            3       0.0 ( 96.9%)       0.0 ( 99.9%)
      zixl_IAI-192IAr2~_zixl                                             3       0.0 (  2.0%)       0.0 (  0.1%)
      <zixl_I152>~_zixl                                                          0.0 (  1.0%)       0.0 (  0.0%)

    zixl_rPi-rPZy~_zixl                                              43460       0.0 (100.0%)       0.0 ( -nan%)
  zixl_rPi-54-3LiPLp6~_zixl                                          43566       0.0                0.0         

    zixl_55-I1512~_zixl                                                104       0.0 (  2.0%)       0.0 (  0.5%)
    zixl_4r-4IPt1~_zixl                                                126       0.0 (  1.6%)       0.0 (  0.7%)
    zixl_irY-yA51bA515~_zixl                                         13848       0.0 ( 65.8%)       0.0 ( 71.1%)
    zixl_irY-rPL6iq3I1xi62gIPL2i1I~_zixl                              2633       0.0 ( 14.2%)       0.0 ( 13.5%)
    zixl_irY-rPL6iq3I1gIPL2i1I~_zixl                                  2637       0.0 ( 15.9%)       0.0 ( 13.5%)
  zixl_L1U-tAI~_zixl                                                 19472       0.0                0.0         
    <zixl_I152>~_zixl                                                            0.0 ( 99.9%)       0.0 (100.0%)

    zixl_4r-4IPt1~_zixl                                                  3       0.0 (  4.8%)       0.0 (  1.4%)
    zixl_irY-yA51bA515~_zixl                                             7       0.0 ( 49.1%)       0.0 ( 53.2%)
    zixl_5r5-5Pet1~_zixl                                                 1       0.0 ( 28.1%)       0.0 ( 28.2%)
    zixl_irY-52A21p6[gIPL2i1I]~_zixl                                     1       0.0 ( 17.0%)       0.0 ( 16.5%)
  zixl_5Pet1~_zixl                                                      13       0.0                0.0         
    zixl_I1ZPt1-5A2i56i1S [E]~_zixl                                     40       0.0 (  4.8%)       0.0 (  7.9%)
    zixl_ALAeOz1~_zixl                                                 122       0.0 (  3.2%)       0.0 (  1.7%)
      zixl_q1L1IA21-reA351~_zixl                                       122       0.0 ( 32.1%)       0.0 (  0.0%)
      zixl_y3Z4-tAI5~_zixl                                             122       0.0 ( 20.5%)       0.0 (100.0%)
      zixl_6iLi57~_zixl                                                122       0.0 ( 14.6%)       0.0 (  0.0%)
      zixl_ZiLiZiz1-rPL6eir2~_zixl                                     122       0.0 (  9.1%)       0.0 (  0.0%)
      <zixl_I152>~_zixl                                                          0.0 ( 23.7%)       0.0 (  0.0%)
    zixl_3LSP [E]~_zixl                                                123       0.0 (  2.5%)       0.0 (  3.7%)
    zixl_re1AL-reA3515 [E]~_zixl                                        32       0.0 (  1.7%)       0.0 (  0.0%)
    zixl_71A4-I1y3ieS [E]~_zixl                                          8       0.0 (  1.6%)       0.0 (  0.0%)
    zixl_ASS-e1AIL2-reA351~_zixl                                       122       0.0 (  1.0%)       0.0 (  0.0%)
    <zixl_I152>~_zixl                                                            0.0 ( 85.1%)       0.0 ( 86.7%)

    zixl_5Pet1~_zixl                                                    40       0.0 ( 47.0%)       0.0 ( 47.7%)
    zixl_irY-rPL6iq3I1xi62gIPL2i1I~_zixl                                 5       0.0 ( 27.4%)       0.0 ( 26.1%)
    zixl_irY-rPL6iq3I1gIPL2i1I~_zixl                                     5       0.0 ( 25.5%)       0.0 ( 26.1%)
  zixl_I1ZPt1-5A2i56i1S~_zixl                                           65       0.0                0.0         


================================================================================
== Profile: PEAK-MEMORY, CPU-freq = 2.10 GHz
                                                          Calls   Peak-Mb         
                                                                                  

    <zixl_543IiP35>~_zixl                                                1      16.0 (100.0%)
  zixl_5A5-ZAiL~_zixl                                                    1      16.0         
    zixl_5eAt1-I3L~_zixl                                                 1      16.0 (100.0%)
      zixl_95eAt1-I3L-1LqiL1~_zixl                                       3      16.0 (100.0%)
        zixl_IAI-iZ4e-5Pet1~_zixl                                        3      12.0 ( 75.0%)
          zixl_IAI-5Pet1~_zixl                                           3      12.0 (100.0%)
            zixl_IAI-51234~_zixl                                         5      12.0 (100.0%)
              zixl_55-I1512 [R]~_zixl                                   40      12.0 (100.0%)
        <zixl_I152>~_zixl                                                        4.0 ( 25.0%)

    zixl_IAI-51234~_zixl                                                40      12.0 (100.0%)
  zixl_55-I1512~_zixl                                                   52      12.0         
    zixl_L1U-r73L8~_zixl                                                52      12.0 (100.0%)

