================================================================================
== Profile: REAL-TIME, VTIME, CPU-freq = 2.10 GHz
                                                          Calls Real-Time  Parent  Virt-Time  Parent 
                                                                   (secs) fraction    (secs) fraction

    <zixl_543IiP35>~_zixl                                                1       1.5 (100.0%)       0.0 (100.0%)
  zixl_5A5-ZAiL~_zixl                                                    1       1.5                0.0         
    zixl_5eAt1-I3L~_zixl                                                 1       1.4 ( 99.6%)       0.0 (100.0%)
      zixl_95eAt1-I3L-2IAL56PIZ~_zixl                                    1       1.2 ( 86.0%)       0.0 (100.0%)
        zixl_i21-4Ar8Aq1~_zixl                                        7228       1.2 ( 96.9%)       0.0 ( 28.4%)
          zixl_i21-rI1A21~_zixl                                       7228       1.2 (100.0%)       0.0 (100.0%)
        <zixl_I152>~_zixl                                                        0.0 (  2.7%)       0.0 ( 71.6%)
      <zixl_I152>~_zixl                                                          0.2 ( 13.9%)       0.0 (  0.0%)


================================================================================
== Profile: PEAK-MEMORY, CPU-freq = 2.10 GHz
                                                          Calls   Peak-Mb         
                                                                                  

    <zixl_543IiP35>~_zixl                                                1     164.0 (100.0%)
  zixl_5A5-ZAiL~_zixl                                                    1     164.0         
    zixl_5eAt1-I3L~_zixl                                                 1     164.0 (100.0%)
      zixl_95eAt1-I3L-2IAL56PIZ~_zixl                                    1     164.0 (100.0%)
        zixl_i21-4Ar8Aq1~_zixl                                        7228     140.0 ( 85.4%)
          zixl_i21-rI1A21~_zixl                                       7228     140.0 (100.0%)
        <zixl_I152>~_zixl                                                       24.0 ( 14.6%)

