================================================================================
== Profile: REAL-TIME, VTIME, CPU-freq = 2.10 GHz
                                                          Calls Real-Time  Parent  Virt-Time  Parent 
                                                                   (secs) fraction    (secs) fraction

    <zixl_543IiP35>~_zixl                                                1       1.4 (100.0%)       0.0 (100.0%)
  zixl_5A5-ZAiL~_zixl                                                    1       1.4                0.0         
    zixl_5eAt1-I3L~_zixl                                                 1       1.4 ( 99.2%)       0.0 (100.0%)
      zixl_95eAt1-I3L-1LqiL1~_zixl                                      11       0.1 (  4.1%)       0.0 (100.0%)
        zixl_IAI-iZ4e-5Pet1~_zixl                                       11       0.0 ( 77.0%)       0.0 ( 95.1%)
          zixl_IAI-5Pet1~_zixl                                          11       0.0 ( 81.8%)       0.0 ( 92.1%)
            zixl_IAI-5Pet1-5Pet1~_zixl                                  11       0.0 ( 95.2%)       0.0 ( 99.9%)
              zixl_irY-5Pet1~_zixl                                      11       0.0 ( 99.9%)       0.0 (100.0%)
                zixl_irY-52I1Lq271L~_zixl                                3       0.0 ( 48.7%)       0.0 ( 52.5%)
                  zixl_irY-rPL51r32iPL [E]~_zixl                        19       0.0 ( 78.3%)       0.0 ( 87.6%)
                  zixl_irY-q1L1IAeiz1~_zixl                             15       0.0 ( 15.8%)       0.0 (  7.9%)
                    zixl_irY-rPL51r32iPL [T]~_zixl                      12       0.0 ( 54.6%)       0.0 ( 70.0%)
                    zixl_irY-Zir~_zixl                                  15       0.0 ( 39.6%)       0.0 ( 22.6%)
                      zixl_irY-r2qfPUL~_zixl                            21       0.0 ( 81.0%)       0.0 ( 96.8%)
                        zixl_irY-rPL51r32iPL [R]~_zixl                  14       0.0 ( 98.6%)       0.0 (100.0%)
                        <zixl_I152>~_zixl                                        0.0 (  1.3%)       0.0 (  0.0%)
                      zixl_irY-34~_zixl                                  7       0.0 ( 16.0%)       0.0 (  3.2%)
                        zixl_5r5-5Pet1 [T]~_zixl                         5       0.0 ( 28.5%)       0.0 ( 78.1%)
                        zixl_5Pet1 [F]~_zixl                             7       0.0 ( 24.8%)       0.0 (  0.2%)
                        zixl_L1U-tAI [RY]~_zixl                          5       0.0 (  1.2%)       0.0 (  8.1%)
                        zixl_3LSP [F]~_zixl                              5       0.0 (  0.9%)       0.0 (  3.9%)
                        <zixl_I152>~_zixl                                        0.0 ( 44.7%)       0.0 (  9.6%)
                      zixl_irY-PIS1Ib3y1~_zixl                          15       0.0 (  1.7%)       0.0 (  0.0%)
                        zixl_irY-UPISb3y1~_zixl                         15       0.0 ( 65.7%)       0.0 ( -nan%)
                        zixl_irY-PIS1Ib3y1-y~_zixl                      12       0.0 ( 12.2%)       0.0 ( -nan%)
                        <zixl_I152>~_zixl                                        0.0 ( 22.1%)       0.0 ( -nan%)
                      <zixl_I152>~_zixl                                          0.0 (  1.1%)       0.0 (  0.0%)
                    zixl_irY-ASSb3y1 [E]~_zixl                          15       0.0 (  4.0%)       0.0 (  6.9%)
                    <zixl_I152>~_zixl                                            0.0 (  1.4%)       0.0 (  0.2%)
                  zixl_5r5-5Pet1 [E]~_zixl                               5       0.0 (  4.5%)       0.0 (  4.5%)
                zixl_irY-yA51bA515~_zixl                                11       0.0 ( 27.5%)       0.0 ( 24.3%)
                  zixl_L1U-tAI [T]~_zixl                              5313       0.0 ( 18.9%)       0.0 ( 10.7%)
                  zixl_IAI-6iI1dA61~_zixl                               10       0.0 ( 17.7%)       0.0 ( 10.5%)
                    zixl_IAI-I16iL1~_zixl                               10       0.0 ( 71.8%)       0.0 (100.0%)
                      zixl_IAI-5iZhPAe5 [E]~_zixl                       20       0.0 ( 64.6%)       0.0 ( 66.5%)
                      zixl_IAI-I16iL1-6iI1~_zixl                        10       0.0 ( 30.6%)       0.0 ( 33.3%)
                        zixl_IAI-5iZhPAe5 [R]~_zixl                     10       0.0 ( 79.9%)       0.0 ( 99.8%)
                        zixl_1LIir7-2IAr1~_zixl                         10       0.0 ( 12.0%)       0.0 (  0.0%)
                        zixl_IAI-I1SPNIAr1 [R]~_zixl                    10       0.0 (  1.7%)       0.0 (  0.2%)
                        <zixl_I152>~_zixl                                        0.0 (  6.4%)       0.0 (  0.0%)
                      zixl_IAI-192IAr2 [E]~_zixl                        10       0.0 (  2.0%)       0.0 (  0.1%)
                      <zixl_I152>~_zixl                                          0.0 (  2.2%)       0.0 (  0.0%)
                    zixl_95eAt1-6iI1-2IAr1~_zixl                        10       0.0 ( 23.3%)       0.0 (  0.0%)
                    <zixl_I152>~_zixl                                            0.0 (  4.3%)       0.0 (  0.0%)
                  zixl_5Pet1 [R]~_zixl                                  13       0.0 ( 10.3%)       0.0 ( 12.5%)
                  zixl_55-ASSdP3Ir1 [R]~_zixl                         1127       0.0 (  1.7%)       0.0 (  0.0%)
                  <zixl_I152>~_zixl                                              0.0 ( 51.4%)       0.0 ( 66.3%)
                zixl_irY-5Pet1[rPL6iq3I1]~_zixl                          1       0.0 ( 15.5%)       0.0 ( 17.9%)
                  zixl_irY-rPL6iq3I1xi62gIPL2i1I~_zixl                   1       0.0 ( 51.0%)       0.0 ( 49.2%)
                    zixl_L1U-tAI [Y]~_zixl                            2631       0.0 ( 27.2%)       0.0 ( 14.7%)
                    zixl_I1ZPt1-5A2i56i1S [R]~_zixl                      5       0.0 (  3.0%)       0.0 (  4.2%)
                    zixl_55-ASSdP3Ir1 [T]~_zixl                          4       0.0 (  1.3%)       0.0 (  0.0%)
                    <zixl_I152>~_zixl                                            0.0 ( 66.9%)       0.0 ( 81.1%)
                    <zixl_58i441S>~_zixl                                         0.0 (  1.6%)       0.0 (  0.0%)
                  zixl_irY-rPL6iq3I1gIPL2i1I~_zixl                       1       0.0 ( 47.8%)       0.0 ( 50.7%)
                    zixl_L1U-tAI [D]~_zixl                            2633       0.0 ( 25.9%)       0.0 ( 14.3%)
                    zixl_I1ZPt1-5A2i56i1S [T]~_zixl                      5       0.0 (  2.5%)       0.0 (  4.0%)
                    zixl_55-ASSdP3Ir1 [Y]~_zixl                          5       0.0 (  1.9%)       0.0 (  0.0%)
                    <zixl_I152>~_zixl                                            0.0 ( 68.5%)       0.0 ( 81.7%)
                    <zixl_58i441S>~_zixl                                         0.0 (  1.2%)       0.0 (  0.0%)
                  <zixl_58i441S>~_zixl                                           0.0 (  1.0%)       0.0 (  0.0%)
                zixl_irY-4IP4AqA21 [E]~_zixl                             3       0.0 (  6.8%)       0.0 (  5.3%)
                <zixl_58i441S>~_zixl                                             0.0 (  1.2%)       0.0 (  0.0%)
            zixl_IAI-51234~_zixl                                        11       0.0 (  4.4%)       0.0 (  0.1%)
              zixl_55-I1512 [R]~_zixl                                   88       0.0 ( 77.6%)       0.0 ( 99.9%)
              zixl_IAI-rPL52I3r2~_zixl                                  11       0.0 (  1.2%)       0.0 (  0.0%)
              <zixl_I152>~_zixl                                                  0.0 ( 21.2%)       0.0 (  0.0%)
          zixl_IAI-iLtAIiAL25~_zixl                                      1       0.0 (  4.3%)       0.0 (  7.7%)
            zixl_irY-iLtAIiAL25~_zixl                                    1       0.0 ( 99.7%)       0.0 (100.0%)
              zixl_irY-4IP4AqA21 [R]~_zixl                               1       0.0 ( 83.1%)       0.0 ( 99.9%)
              zixl_5r5-I1512 [T]~_zixl                                   1       0.0 ( 15.7%)       0.0 (  0.0%)
          zixl_4r-4IPt1~_zixl                                           11       0.0 (  1.7%)       0.0 (  0.2%)
            zixl_55-I1512 [E]~_zixl                                      1       0.0 ( 24.5%)       0.0 (  0.7%)
            zixl_5Pet1 [E]~_zixl                                        11       0.0 ( 23.3%)       0.0 ( 36.8%)
            zixl_L1U-tAI [R]~_zixl                                      35       0.0 (  4.1%)       0.0 ( 11.2%)
            zixl_55-ASSdP3Ir1 [E]~_zixl                                 11       0.0 (  2.9%)       0.0 (  0.0%)
            <zixl_I152>~_zixl                                                    0.0 ( 45.3%)       0.0 ( 51.4%)
          zixl_4r-4Pee-S1e2A~_zixl                                       1       0.0 (  1.1%)       0.0 (  0.0%)
            zixl_A5iP-I1AS-SA2A [Y]~_zixl                                1       0.0 (  2.4%)       0.0 ( -nan%)
            <zixl_I152>~_zixl                                                    0.0 ( 97.6%)       0.0 ( -nan%)
          <zixl_I152>~_zixl                                                      0.0 ( 11.0%)       0.0 (  0.0%)
        <zixl_I152>~_zixl                                                        0.0 ( 21.7%)       0.0 (  4.9%)
        <zixl_58i441S>~_zixl                                                     0.0 (  1.3%)       0.0 (  0.0%)
      <zixl_I152>~_zixl                                                          1.3 ( 95.9%)       0.0 (  0.0%)

    zixl_irY-52I1Lq271L~_zixl                                           19       0.0 ( 85.1%)       0.0 ( 92.3%)
    zixl_irY-r2qfPUL~_zixl                                              14       0.0 (  5.5%)       0.0 (  1.8%)
    zixl_irY-q1L1IAeiz1~_zixl                                           12       0.0 (  9.4%)       0.0 (  5.8%)
  zixl_irY-rPL51r32iPL~_zixl                                            45       0.0                0.0         
    zixl_irY-rPL5~_zixl                                                 41       0.0 ( 83.3%)       0.0 ( 79.4%)
      zixl_5r5-5Pet1 [R]~_zixl                                          41       0.0 ( 70.3%)       0.0 ( 71.5%)
      zixl_irY-52A21p6~_zixl                                            13       0.0 ( 27.3%)       0.0 ( 27.7%)
        zixl_5Pet1 [G]~_zixl                                            13       0.0 ( 21.5%)       0.0 ( 21.6%)
        zixl_L1U-tAI [RD]~_zixl                                       2647       0.0 ( 15.4%)       0.0 ( 11.9%)
        zixl_52A21p6-52S~_zixl                                          13       0.0 (  6.0%)       0.0 (  0.1%)
          zixl_L1U-tAI [RF]~_zixl                                        3       0.0 (  0.4%)       0.0 ( 24.1%)
          <zixl_I152>~_zixl                                                      0.0 ( 99.6%)       0.0 ( 75.9%)
        zixl_55-ASSdP3Ir1 [G]~_zixl                                      7       0.0 (  2.0%)       0.0 (  0.0%)
        zixl_3LSP [G]~_zixl                                             13       0.0 (  0.6%)       0.0 (  1.2%)
        <zixl_I152>~_zixl                                                        0.0 ( 54.5%)       0.0 ( 65.3%)
      <zixl_I152>~_zixl                                                          0.0 (  1.8%)       0.0 (  0.1%)
    zixl_irY-rPL5E~_zixl                                                 4       0.0 ( 16.7%)       0.0 ( 20.6%)
      zixl_L1U-tAI [J]~_zixl                                          2552       0.0 ( 24.1%)       0.0 ( 12.2%)
      zixl_5Pet1 [D]~_zixl                                               4       0.0 (  4.4%)       0.0 (  2.4%)
      zixl_55-ASSdP3Ir1 [D]~_zixl                                     1117       0.0 (  4.1%)       0.0 (  0.0%)
      <zixl_I152>~_zixl                                                          0.0 ( 67.3%)       0.0 ( 85.4%)

    zixl_irY-52I1Lq271L~_zixl                                            5       0.0 (  5.5%)       0.0 (  5.3%)
    zixl_irY-rPL5~_zixl                                                 41       0.0 ( 66.2%)       0.0 ( 63.7%)
    zixl_irY-U1A8bPL51r32iPL~_zixl                                      10       0.0 ( 28.0%)       0.0 ( 31.0%)
  zixl_5r5-5Pet1~_zixl                                                  61       0.0                0.0         
    zixl_55-ZAI8~_zixl                                                  61       0.0 ( 39.1%)       0.0 ( 26.5%)
      <zixl_I152>~_zixl                                                          0.0 (100.0%)       0.0 (100.0%)
    zixl_5Pet1 [T]~_zixl                                                61       0.0 ( 19.0%)       0.0 ( 16.6%)
    zixl_L1U-tAI [RE]~_zixl                                           7884       0.0 (  8.8%)       0.0 (  8.7%)
    <zixl_I152>~_zixl                                                            0.0 ( 32.1%)       0.0 ( 48.2%)

    zixl_55-I1512~_zixl                                                196       0.0 (  2.6%)       0.0 (  0.8%)
    zixl_irY-yA51bA515~_zixl                                          5313       0.0 ( 31.1%)       0.0 ( 22.2%)
    zixl_irY-rPL6iq3I1xi62gIPL2i1I~_zixl                              2631       0.0 ( 12.9%)       0.0 ( 11.0%)
    zixl_irY-rPL6iq3I1gIPL2i1I~_zixl                                  2633       0.0 ( 11.5%)       0.0 ( 11.0%)
    zixl_irY-rPL5E~_zixl                                              2552       0.0 ( 10.8%)       0.0 ( 10.6%)
    zixl_5r5-5Pet1~_zixl                                              7884       0.0 ( 20.8%)       0.0 ( 32.9%)
    zixl_irY-52A21p6~_zixl                                            2647       0.0 (  9.4%)       0.0 ( 11.0%)
  zixl_L1U-tAI~_zixl                                                 23970       0.0                0.0         
    <zixl_I152>~_zixl                                                            0.0 ( 99.9%)       0.0 ( 99.9%)

    zixl_4r-4IPt1~_zixl                                                 11       0.0 (  3.7%)       0.0 (  0.6%)
    zixl_irY-yA51bA515~_zixl                                            13       0.0 ( 20.8%)       0.0 ( 23.2%)
    zixl_5r5-5Pet1~_zixl                                                61       0.0 ( 55.4%)       0.0 ( 56.2%)
    zixl_irY-rPL5E~_zixl                                                 4       0.0 (  2.4%)       0.0 (  1.9%)
    zixl_irY-52A21p6~_zixl                                              13       0.0 ( 16.1%)       0.0 ( 18.0%)
    <zixl_58i441S>~_zixl                                                         0.0 (  1.6%)       0.0 (  0.1%)
  zixl_5Pet1~_zixl                                                     111       0.0                0.0         
    zixl_I1ZPt1-5A2i56i1S [E]~_zixl                                     90       0.0 (  7.5%)       0.0 ( 15.0%)
    zixl_71A4-I1y3ieS [E]~_zixl                                         18       0.0 (  2.5%)       0.0 (  0.2%)
    zixl_re1AL-reA3515 [E]~_zixl                                        72       0.0 (  2.0%)       0.0 (  0.0%)
    zixl_ALAeOz1~_zixl                                                 148       0.0 (  1.9%)       0.0 (  1.4%)
      zixl_q1L1IA21-reA351~_zixl                                       148       0.0 ( 31.2%)       0.0 (  0.0%)
      zixl_y3Z4-tAI5~_zixl                                             148       0.0 ( 20.7%)       0.0 (100.0%)
      zixl_6iLi57~_zixl                                                148       0.0 ( 17.2%)       0.0 (  0.0%)
      zixl_ZiLiZiz1-rPL6eir2~_zixl                                     148       0.0 (  4.4%)       0.0 (  0.0%)
      <zixl_I152>~_zixl                                                          0.0 ( 26.5%)       0.0 (  0.0%)
    zixl_3LSP [R]~_zixl                                                154       0.0 (  1.0%)       0.0 (  1.7%)
    <zixl_I152>~_zixl                                                            0.0 ( 84.4%)       0.0 ( 81.7%)

    zixl_irY-5Pet1~_zixl                                                 3       0.0 ( 59.7%)       0.0 ( 38.8%)
    zixl_irY-iLtAIiAL25~_zixl                                            1       0.0 ( 40.3%)       0.0 ( 61.2%)
  zixl_irY-4IP4AqA21~_zixl                                               4       0.0                0.0         
    zixl_irY-U1A8bPL51r32iPL~_zixl                                      10       0.0 ( 98.6%)       0.0 (100.0%)
      zixl_5r5-5Pet1 [Y]~_zixl                                          10       0.0 ( 98.8%)       0.0 (100.0%)
      <zixl_I152>~_zixl                                                          0.0 (  1.2%)       0.0 (  0.0%)
    <zixl_I152>~_zixl                                                            0.0 (  1.2%)       0.0 (  0.0%)

    zixl_IAI-I16iL1~_zixl                                               20       0.0 ( 72.6%)       0.0 ( 66.7%)
    zixl_IAI-I16iL1-6iI1~_zixl                                          10       0.0 ( 27.4%)       0.0 ( 33.3%)
  zixl_IAI-5iZhPAe5~_zixl                                               30       0.0                0.0         

    zixl_5Pet1~_zixl                                                    90       0.0 ( 70.6%)       0.0 ( 72.9%)
    zixl_irY-rPL6iq3I1xi62gIPL2i1I~_zixl                                 5       0.0 ( 16.4%)       0.0 ( 13.6%)
    zixl_irY-rPL6iq3I1gIPL2i1I~_zixl                                     5       0.0 ( 12.8%)       0.0 ( 13.6%)
  zixl_I1ZPt1-5A2i56i1S~_zixl                                          125       0.0                0.0         

  <zixl_58i441S>~_zixl                                                           0.0 (  0.3%)       0.0 (  1.2%)

================================================================================
== Profile: PEAK-MEMORY, CPU-freq = 2.10 GHz
                                                          Calls   Peak-Mb         
                                                                                  

    <zixl_543IiP35>~_zixl                                                1      16.0 (100.0%)
  zixl_5A5-ZAiL~_zixl                                                    1      16.0         
    zixl_5eAt1-I3L~_zixl                                                 1      16.0 (100.0%)
      zixl_95eAt1-I3L-1LqiL1~_zixl                                      11      16.0 (100.0%)
        zixl_IAI-iZ4e-5Pet1~_zixl                                       11      12.0 ( 75.0%)
          zixl_IAI-5Pet1~_zixl                                          11      12.0 (100.0%)
            zixl_IAI-51234~_zixl                                        11      12.0 (100.0%)
              zixl_55-I1512 [R]~_zixl                                   88      12.0 (100.0%)
        <zixl_I152>~_zixl                                                        4.0 ( 25.0%)

    zixl_IAI-51234~_zixl                                                88      12.0 (100.0%)
  zixl_55-I1512~_zixl                                                   98      12.0         
    zixl_L1U-r73L8~_zixl                                                98      12.0 (100.0%)

