================================================================================
== Profile: REAL-TIME, CPU-freq = 2.10 GHz
                                                          Calls Real-Time  Parent 
                                                                   (secs) fraction

    <zixl_543IiP35>~_zixl                                                1       2.1 (100.0%)
  zixl_zi_z57_ZAiL:q325~_zixl                                            1       2.1         
    zixl_zi_z57_rI1A21_5Le_ALS_4118tAI~_zixl                             1       1.8 ( 86.3%)
      zixl_zi_rI1A21_5Le_ALS_4118tAI_6PI_qIA47~_zixl                     1       1.4 ( 77.9%)
        zixl_zi_A16_4IPr155_eiL81S_qIA47~_zixl                           1       1.3 ( 89.7%)
          zixl_i21-rI1A21~_zixl                                       1277       1.1 ( 89.6%)
          <zixl_I152>~_zixl                                                      0.1 ( 10.0%)
        zixl_dQx-rI1A2iPL~_zixl                                          1       0.1 (  6.1%)
          zixl_bPLL1r2g323I1bePr8V94I5~_zixl                             1       0.1 ( 72.1%)
            <zixl_I152>~_zixl                                                    0.1 (100.0%)
          zixl_bPLt1I2QeV94INPdLeV94I~_zixl                              1       0.0 (  4.0%)
            zixl_y3ieS_194I~_zixl                                     1136       0.0 ( 24.7%)
            zixl_4P52_4IPr155_194I~_zixl                              1136       0.0 (  2.8%)
            <zixl_I152>~_zixl                                                    0.0 ( 72.5%)
          zixl_p42iZiz1QeV94I:p42V94INAye1~_zixl                         1       0.0 (  2.5%)
          <zixl_I152>~_zixl                                                      0.0 ( 20.1%)
          <zixl_58i441S>~_zixl                                                   0.0 (  1.3%)
        <zixl_I152>~_zixl                                                        0.1 (  4.2%)
      zixl_zi_A16_51234_ALS_rI1A21_L12ei52_6PIZAe~_zixl                  1       0.3 ( 17.7%)
        zixl_A16_6PIZAe_rI1A21_L12ei52~_zixl                             1       0.2 ( 75.2%)
          zixl_zi_A16_6PIZAe_rI1A21_L12ei52~_zixl                        1       0.2 ( 99.9%)
            zixl_zi_SyP_ZPS1e_q12_PI_ZA81_Le_qIA47_r352PZ [E]~_zixl          4       0.2 ( 95.9%)
            <zixl_I152>~_zixl                                                    0.0 (  3.7%)
        zixl_A16_6PIZAe_rI1A21_SyP_ZPS1e5_SAq~_zixl                      1       0.1 ( 24.6%)
      zixl_zi_A16_6eA221L_6PI_6PIZAe~_zixl                               1       0.1 (  4.4%)
        zixl_zi_A16_6eA221L_L12ei52_6PIZAe~_zixl                         1       0.1 (100.0%)
          zixl_6eA221L_qIA47_I1Ae [R]~_zixl                              1       0.1 ( 88.5%)
          <zixl_I152>~_zixl                                                      0.0 ( 11.4%)
    <zixl_I152>~_zixl                                                            0.3 ( 13.7%)

    zixl_zi_A16_6PIZAe_rI1A21_L12ei52~_zixl                              4       0.2 (100.0%)
  zixl_zi_SyP_ZPS1e_q12_PI_ZA81_Le_qIA47_r352PZ~_zixl                    6       0.2         
    zixl_zi_Le_I52I_qIA47_ePrAe~_zixl                                    2       0.1 ( 30.5%)
    <zixl_I152>~_zixl                                                            0.2 ( 69.5%)

    zixl_zi_A16_6eA221L_L12ei52_6PIZAe~_zixl                             1       0.1 ( 99.1%)
  zixl_6eA221L_qIA47_I1Ae~_zixl                                          3       0.1         
    zixl_zi_Le_iLeiL1_53yr82~_zixl                                       1       0.0 (  2.7%)
      zixl_zi_Le_rP4O_4AI1L2_qIA47~_zixl                                 1       0.0 ( 96.6%)
        zixl_rP4O_LPS1~_zixl                                           697       0.0 ( 42.5%)
        zixl_rP4O_4118tAI~_zixl                                        211       0.0 ( 38.8%)
        zixl_rP4O_rPLL~_zixl                                           637       0.0 (  6.5%)
        zixl_rP4O_y35~_zixl                                            637       0.0 (  3.2%)
        <zixl_I152>~_zixl                                                        0.0 (  8.9%)
      zixl_zi_Le_4IiZ_iLeiL1_r71r8~_zixl                                 1       0.0 (  1.1%)
      <zixl_I152>~_zixl                                                          0.0 (  1.1%)
      <zixl_58i441S>~_zixl                                                       0.0 (  1.1%)
    <zixl_I152>~_zixl                                                            0.1 ( 97.3%)


================================================================================
== Profile: PEAK-MEMORY, CPU-freq = 2.10 GHz
                                                          Calls   Peak-Mb         
                                                                                  

    <zixl_543IiP35>~_zixl                                                1     456.0 (100.0%)
  zixl_zi_z57_ZAiL:q325~_zixl                                            1     456.0         
    zixl_zi_z57_rI1A21_5Le_ALS_4118tAI~_zixl                             1     456.0 (100.0%)
      zixl_zi_rI1A21_5Le_ALS_4118tAI_6PI_qIA47~_zixl                     1     368.0 ( 80.7%)
        zixl_zi_A16_4IPr155_eiL81S_qIA47~_zixl                           1     196.0 ( 53.3%)
          zixl_i21-rI1A21~_zixl                                       1277     140.0 ( 71.4%)
          <zixl_I152>~_zixl                                                     56.0 ( 28.6%)
        zixl_dQx-rI1A2iPL~_zixl                                          1      88.0 ( 23.9%)
          zixl_bPLL1r2g323I1bePr8V94I5~_zixl                             1      84.0 ( 95.5%)
            <zixl_I152>~_zixl                                                   84.0 (100.0%)
          <zixl_I152>~_zixl                                                      4.0 (  4.5%)
        <zixl_I152>~_zixl                                                       84.0 ( 22.8%)
      zixl_zi_A16_51234_ALS_rI1A21_L12ei52_6PIZAe~_zixl                  1      88.0 ( 19.3%)
        zixl_A16_6PIZAe_rI1A21_L12ei52~_zixl                             1      88.0 (100.0%)
          zixl_zi_A16_6PIZAe_rI1A21_L12ei52~_zixl                        1      88.0 (100.0%)
            zixl_zi_SyP_ZPS1e_q12_PI_ZA81_Le_qIA47_r352PZ [E]~_zixl          4      88.0 (100.0%)

    zixl_zi_A16_6PIZAe_rI1A21_L12ei52~_zixl                              4      88.0 (100.0%)
  zixl_zi_SyP_ZPS1e_q12_PI_ZA81_Le_qIA47_r352PZ~_zixl                    6      88.0         
    zixl_zi_Le_I52I_qIA47_ePrAe~_zixl                                    2       4.0 (  4.5%)
    <zixl_I152>~_zixl                                                           84.0 ( 95.5%)

