
Questa Version 10.7b linux_x86_64 12 Jun 2018

-------------------------------------------------------------------------------
Design Report
Created Sat Dec  4 16:22:31 2021
-------------------------------------------------------------------------------


Design 'darkriscv'
===============================================================================


---------------------------------------
Design Summary                    Count
---------------------------------------
Clocks                                1
  User-specified                      1
  Inferred                            0
Control Point Bits                  166
  DUT Input Bits                     67
  Cut Point Bits                     67
  Black Box Output Bits               0
  Undriven Wire Bits                 32
State Bits                         1233
  Design Register Bits             1233
  Design Latch Bits                   0
Storage Structures       
  Counters                            3
  RAMs                                2
Black Boxes                           0
---------------------------------------

Detailed Design Information
===============================================================================


Clocks
------------------------------------------------------------------------------
Port                                   Period         Waveform    Edges
------------------------------------------------------------------------------
CLK                                        10              0 5    PE   
------------------------------------------------------------------------------
Cut Points
----------
  mychecker.bimm1  (1 bit) 
  mychecker.bimm2  (6 bits) 
  mychecker.bimm3  (1 bit) 
  mychecker.iimm  (12 bits) 
  mychecker.rd  (5 bits) 
  mychecker.rs1  (5 bits) 
  mychecker.rs2  (5 bits) 
  mychecker.simm1  (7 bits) 
  mychecker.simm2  (5 bits) 
  mychecker.uimm  (20 bits) 

Black Box Outputs
-----------------
  <none>

Undriven Wires
--------------
  mychecker.instr  (32 bits)

Latches
-------
  <none>

Counters
--------
  FLUSH  (2 bits)
  NXPC2  (32 bits)
  RESMODE  (4 bits)

RAMs
----
  REG1 (Depth 16)
  REG2 (Depth 16)

Black Boxes (User-specified)
----------------------------
  <none>

Black Boxes (Inferred)
----------------------
  <none>



Port Constraints
-------------------------------------------------------------------------------
Type                 Clock Domain         Value         Port
-------------------------------------------------------------------------------
Clock                <n/a>                -            'CLK'
Unconstrained        <none>               -            'DATAI'
Constraint           <none>               1'b0         'HLT'
Unconstrained        <none>               -            'IDATA'
Constraint           <none>               1'b0         'RES'
-------------------------------------------------------------------------------

Instance Usage
===============================================================================
Count  Module          Location
-------------------------------------------------------------------------------
   1   darkriscv_checker_sva /u/mescue/darkriscv/src/sva/sva_darkriscv.sv (Line 93)



