# 
# Questa Static Verification System
# Version 10.7b linux_x86_64 12 Jun 2018


Command-line arguments:
	-jobs 4 \
	-init qs_files/myinit.init \
	-timeout 5m 

Info    : Using initialization sequence file to initialize design state.  File 'qs_files/myinit.init'.  [formal-205]
Applying synthesis semantics.
[00:00:00] Status: Done 0/42, Update 0/42, Proof radius min=0, avg=0.00, Mem=0GB
[00:00:00] Established connection with process, Hostname=auto.ece.pdx.edu, pid=14822.
[00:00:00] Established connection with process, Hostname=auto.ece.pdx.edu, pid=14823.
[00:00:00] Established connection with process, Hostname=auto.ece.pdx.edu, pid=14825.
[00:00:00] Established connection with process, Hostname=auto.ece.pdx.edu, pid=14824.
[00:00:00] Covered @1: mychecker.instr_cover[0].opcode
[00:00:00] Covered @1: mychecker.instr_cover[1].opcode
[00:00:00] Covered @1: mychecker.instr_cover[2].opcode
[00:00:00] Covered @1: mychecker.instr_cover[3].opcode
[00:00:00] Covered @1: mychecker.instr_cover[4].opcode
[00:00:00] Covered @1: mychecker.instr_cover[5].opcode
[00:00:00] Covered @1: mychecker.instr_cover[6].opcode
[00:00:00] Covered @1: mychecker.instr_cover[7].opcode
[00:00:00] Covered @1: mychecker.instr_cover[8].opcode
[00:00:00] Covered @1: mychecker.instr_cover[9].opcode
[00:00:00] Covered @1: mychecker.instr_cover[10].opcode
[00:00:00] Covered @1: mychecker.instr_cover[11].opcode
[00:00:00] Covered @1: mychecker.instr_cover[12].opcode
[00:00:00] Covered @1: mychecker.instr_cover[13].opcode
[00:00:00] Covered @1: mychecker.instr_cover[14].opcode
[00:00:00] Covered @1: mychecker.instr_cover[15].opcode
[00:00:00] Covered @1: mychecker.instr_cover[16].opcode
[00:00:00] Covered @1: mychecker.instr_cover[17].opcode
[00:00:00] Covered @1: mychecker.instr_cover[18].opcode
[00:00:00] Covered @1: mychecker.instr_cover[19].opcode
[00:00:00] Covered @1: mychecker.instr_cover[20].opcode
[00:00:00] Covered @1: mychecker.instr_cover[21].opcode
[00:00:00] Covered @1: mychecker.instr_cover[22].opcode
[00:00:00] Covered @1: mychecker.instr_cover[23].opcode
[00:00:00] Covered @1: mychecker.instr_cover[24].opcode
[00:00:00] Covered @1: mychecker.instr_cover[25].opcode
[00:00:00] Covered @1: mychecker.instr_cover[26].opcode
[00:00:00] Covered @1: mychecker.instr_cover[27].opcode
[00:00:00] Covered @1: mychecker.instr_cover[28].opcode
[00:00:00] Covered @1: mychecker.instr_cover[29].opcode
[00:00:00] Covered @1: mychecker.instr_cover[30].opcode
[00:00:00] Covered @1: mychecker.instr_cover[31].opcode
[00:00:00] Covered @1: mychecker.instr_cover[32].opcode
[00:00:00] Covered @1: mychecker.instr_cover[33].opcode
[00:00:00] Covered @1: mychecker.instr_cover[34].opcode
[00:00:00] Covered @1: mychecker.instr_cover[35].opcode
[00:00:00] Covered @1: mychecker.instr_cover[36].opcode
[00:00:00] Covered @19: mychecker.cover_wr_en
[00:00:00] Proven: mychecker.assert_not_rd_and_wr
[00:00:00] Covered @19: mychecker.cover_rd_en
[00:00:00] Covered @1: mychecker.cover_idle_en
[00:00:00] Fired @3: mychecker.assert_WR_2_after_store
[00:00:01] Status: Done 42/42, Update 42/42, Proof radius min=N/A, avg=N/A, Mem=1GB

---------------------------------------
Property Summary                  Count
---------------------------------------
Assumed                               3
Proven                                1
Covered                              40
Inconclusive                          0
Fired                                 1
Uncoverable                           0
---------------------------------------
Total                                45
---------------------------------------


--------- Process Statistics ----------
Elapsed Time                       1 s 
-------- Orchestration Process --------
------- auto.ece.pdx.edu:14807 --------
CPU Time                           0 s 
Peak Memory                      0.2 GB
---------- Engine Processes -----------
------- auto.ece.pdx.edu:14822 --------
CPU Time                           0 s 
Peak Memory                      0.1 GB
CPU Utilization                    0 % 
------- auto.ece.pdx.edu:14825 --------
CPU Time                           1 s 
Peak Memory                      0.3 GB
CPU Utilization                  100 % 
------- auto.ece.pdx.edu:14823 --------
CPU Time                           0 s 
Peak Memory                      0.1 GB
CPU Utilization                    0 % 
------- auto.ece.pdx.edu:14824 --------
CPU Time                           0 s 
Peak Memory                      0.1 GB
CPU Utilization                    0 % 
---------------------------------------


Message Summary
---------------------------------------------------------------------------
Count  Type     Message ID         Summary
---------------------------------------------------------------------------
    1  Info     formal-205         Using initialization sequence file to initialize design state.

Final Process Statistics: Peak Memory 0.28GB, Cumulative CPU Time 1s, Elapsed Time 1s

To see results in the GUI run:
qverify /u/mescue/darkriscv/Output_Results/formal_verify.db

